<?xml version="1.0" encoding="UTF-8"?>
<testng-results total="1" passed="1" failed="0" skipped="0">
  <reporter-output>
  </reporter-output>
  <suite started-at="2021-10-21T09:22:53Z" name="SampleTest" finished-at="2021-10-21T09:23:15Z" duration-ms="22265">
    <groups>
    </groups>
    <test started-at="2021-10-21T09:22:53Z" name="Command line test" finished-at="2021-10-21T09:23:15Z" duration-ms="22265">
      <class name="SampleTest">
        <test-method is-config="true" signature="setUp()[pri:0, instance:SampleTest@44c8afef]" started-at="2021-10-21T14:52:53Z" name="setUp" finished-at="2021-10-21T14:53:12Z" duration-ms="19356" status="PASS">
          <reporter-output>
          </reporter-output>
        </test-method> <!-- setUp -->
        <test-method signature="SampleTest()[pri:0, instance:SampleTest@44c8afef]" started-at="2021-10-21T14:53:12Z" name="SampleTest" finished-at="2021-10-21T14:53:14Z" duration-ms="1499" status="PASS">
          <reporter-output>
          </reporter-output>
        </test-method> <!-- SampleTest -->
        <test-method is-config="true" signature="tearDown()[pri:0, instance:SampleTest@44c8afef]" started-at="2021-10-21T14:53:14Z" name="tearDown" finished-at="2021-10-21T14:53:15Z" duration-ms="1403" status="PASS">
          <reporter-output>
          </reporter-output>
        </test-method> <!-- tearDown -->
      </class> <!-- SampleTest -->
    </test> <!-- Command line test -->
  </suite> <!-- SampleTest -->
</testng-results>
